WARNING:root:2015-03-01 18:58:31	signon: insert user fail;	global name 'session' is not defined
WARNING:root:2015-03-01 18:58:39	signon: insert user fail;	global name 'session' is not defined
WARNING:root:2015-03-01 19:02:32	signon: insert user fail;	(IntegrityError) (1062, "Duplicate entry 'hwz1' for key 'username'") 'INSERT INTO `Users` (username, nickname, password, balance, credit, factor1, factor2, factor3) VALUES (%s, %s, %s, %s, %s, %s, %s, %s)' (u'hwz1', u'Bob', u'0A987B5CD87B5BBC', 0, 0, 0, 0, 0)
WARNING:root:2015-03-01 19:02:58	signon: insert user fail;	(IntegrityError) (1062, "Duplicate entry 'hwz1' for key 'username'") 'INSERT INTO `Users` (username, nickname, password, balance, credit, factor1, factor2, factor3) VALUES (%s, %s, %s, %s, %s, %s, %s, %s)' (u'hwz1', u'Bob', u'0A987B5CD87B5BBC', 0, 0, 0, 0, 0)
WARNING:root:2015-03-01 20:06:36	signon: insert user fail;	(IntegrityError) (1062, "Duplicate entry 'hwz2' for key 'username'") 'INSERT INTO `Users` (username, nickname, password, balance, credit, factor1, factor2, factor3) VALUES (%s, %s, %s, %s, %s, %s, %s, %s)' (u'hwz2', u'Bob', u'0A987B5CD87B5BBC', 0, 0, 0, 0, 0)
WARNING:root:2015-03-01 20:10:50	signon: insert user fail;	(IntegrityError) (1062, "Duplicate entry 'hwz2' for key 'username'") 'INSERT INTO `Users` (username, nickname, password, balance, credit, factor1, factor2, factor3) VALUES (%s, %s, %s, %s, %s, %s, %s, %s)' (u'hwz2', u'Bob', u'0A987B5CD87B5BBC', 0, 0, 0, 0, 0)
WARNING:root:2015-03-14 11:52:50	signon: information invalid
WARNING:root:2015-03-14 11:52:50	login: information invalid
WARNING:root:2015-03-14 11:52:54	signon: information invalid
WARNING:root:2015-03-14 11:52:54	login: information invalid
WARNING:root:2015-03-14 11:52:57	signon: information invalid
WARNING:root:2015-03-14 11:52:57	login: information invalid
WARNING:root:2015-03-14 11:58:55	signon: information invalid
WARNING:root:2015-03-14 11:58:55	login: information invalid
WARNING:root:2015-03-14 12:06:24	signon: information invalid
WARNING:root:2015-03-14 12:06:24	login: information invalid
WARNING:root:2015-03-14 12:09:39	handler: receive unsupported request
WARNING:root:2015-03-14 12:14:36	signon: information invalid
WARNING:root:2015-03-14 12:14:36	login: information invalid
WARNING:root:2015-03-14 12:15:50	signon: information invalid
WARNING:root:2015-03-14 12:15:50	login: information invalid
WARNING:root:2015-03-14 12:16:37	signon: information invalid
WARNING:root:2015-03-14 12:16:37	login: information invalid
WARNING:root:2015-03-14 12:20:34	signon: information invalid
WARNING:root:2015-03-14 12:20:34	login: information invalid
WARNING:root:2015-03-14 12:22:30	signon: information invalid
WARNING:root:2015-03-14 12:22:30	login: information invalid
WARNING:root:2015-03-14 12:22:37	login: information invalid
WARNING:root:2015-03-14 12:22:49	login: information invalid
WARNING:root:2015-03-14 12:22:54	login: information invalid
WARNING:root:2015-03-14 12:23:15	signon: insert user fail;	(IntegrityError) (1062, "Duplicate entry 'test' for key 'username'") 'INSERT INTO `Users` (username, nickname, password, balance, credit, factor1, factor2, factor3) VALUES (%s, %s, %s, %s, %s, %s, %s, %s)' (u'test', u'test', u'e10adc3949ba59abbe56e057f20f883e', 0, 0, 0, 0, 0)
WARNING:root:2015-03-14 12:23:23	signon: insert user fail;	This Session's transaction has been rolled back due to a previous exception during flush. To begin a new transaction with this Session, first issue Session.rollback(). Original exception was: (IntegrityError) (1062, "Duplicate entry 'test' for key 'username'") 'INSERT INTO `Users` (username, nickname, password, balance, credit, factor1, factor2, factor3) VALUES (%s, %s, %s, %s, %s, %s, %s, %s)' (u'test', u'test', u'e10adc3949ba59abbe56e057f20f883e', 0, 0, 0, 0, 0)
WARNING:root:2015-03-14 12:23:30	signon: insert user fail;	This Session's transaction has been rolled back due to a previous exception during flush. To begin a new transaction with this Session, first issue Session.rollback(). Original exception was: (IntegrityError) (1062, "Duplicate entry 'test' for key 'username'") 'INSERT INTO `Users` (username, nickname, password, balance, credit, factor1, factor2, factor3) VALUES (%s, %s, %s, %s, %s, %s, %s, %s)' (u'test', u'test', u'e10adc3949ba59abbe56e057f20f883e', 0, 0, 0, 0, 0)
WARNING:root:2015-03-14 12:25:16	signon: insert user fail;	This Session's transaction has been rolled back due to a previous exception during flush. To begin a new transaction with this Session, first issue Session.rollback(). Original exception was: (IntegrityError) (1062, "Duplicate entry 'test' for key 'username'") 'INSERT INTO `Users` (username, nickname, password, balance, credit, factor1, factor2, factor3) VALUES (%s, %s, %s, %s, %s, %s, %s, %s)' (u'test', u'test', u'e10adc3949ba59abbe56e057f20f883e', 0, 0, 0, 0, 0)
WARNING:root:2015-03-14 12:25:27	signon: insert user fail;	This Session's transaction has been rolled back due to a previous exception during flush. To begin a new transaction with this Session, first issue Session.rollback(). Original exception was: (IntegrityError) (1062, "Duplicate entry 'test' for key 'username'") 'INSERT INTO `Users` (username, nickname, password, balance, credit, factor1, factor2, factor3) VALUES (%s, %s, %s, %s, %s, %s, %s, %s)' (u'test', u'test', u'e10adc3949ba59abbe56e057f20f883e', 0, 0, 0, 0, 0)
WARNING:root:2015-03-14 12:26:43	signon: information invalid
WARNING:root:2015-03-14 12:26:43	login: information invalid
WARNING:root:2015-03-14 12:26:48	signon: information invalid
WARNING:root:2015-03-14 12:26:48	login: information invalid
WARNING:root:2015-03-14 12:27:01	login: information invalid
WARNING:root:2015-03-14 12:27:09	login: information invalid
WARNING:root:2015-03-14 12:43:17	signon: information invalid
WARNING:root:2015-03-14 12:43:17	login: information invalid
WARNING:root:2015-03-14 12:43:59	login: information invalid
WARNING:root:2015-03-14 12:45:21	login: information invalid
WARNING:root:2015-03-14 12:45:21	login: information invalid
WARNING:root:2015-03-14 12:45:24	login: information invalid
WARNING:root:2015-03-14 12:45:24	login: information invalid
WARNING:root:2015-03-14 12:45:41	login: query user fail;	No row was found for one()
WARNING:root:2015-03-14 12:45:41	login: information invalid
WARNING:root:2015-03-14 12:52:21	signup: insert user fail;	(OperationalError) (2006, 'MySQL server has gone away') 'INSERT INTO `Users` (username, nickname, password, balance, credit, factor1, factor2, factor3) VALUES (%s, %s, %s, %s, %s, %s, %s, %s)' (u'test', u'test', u'e10adc3949ba59abbe56e057f20f883e', 0, 0, 0, 0, 0)
WARNING:root:2015-03-14 12:52:51	login: information invalid
WARNING:root:2015-03-14 12:52:51	login: information invalid
WARNING:root:2015-03-18 14:06:53	login: information invalid
WARNING:root:2015-03-18 14:06:53	login: information invalid
WARNING:root:2015-03-18 14:06:59	login: information invalid
WARNING:root:2015-03-18 14:06:59	login: information invalid
WARNING:root:2015-03-18 14:26:39	login: query user fail;	No row was found for one()
WARNING:root:2015-03-18 14:26:39	login: information invalid
WARNING:root:2015-03-18 14:27:18	handler: receive unsupported request
WARNING:root:2015-03-22 19:09:44	recharge: information invalid
WARNING:root:2015-03-22 19:10:38	recharge: information invalid
WARNING:root:2015-03-22 19:15:26	recharge: user not found;	No row was found for one()
WARNING:root:2015-03-22 19:15:26	recharge: information invalid
WARNING:root:2015-03-22 20:38:48	recordhistory: information invalid
WARNING:root:2015-03-29 19:03:02	createroom: creator id error;	No row was found for one()
WARNING:root:2015-03-29 19:03:02	createroom: create room failed
WARNING:root:2015-03-29 19:03:38	createroom: creator id error;	No row was found for one()
WARNING:root:2015-03-29 19:03:38	createroom: create room failed
WARNING:root:2015-03-29 19:05:20	createroom: creator id error;	No row was found for one()
WARNING:root:2015-03-29 19:05:20	createroom: create room failed
WARNING:root:2015-03-29 19:06:23	createroom: creator id error;	No row was found for one()
WARNING:root:2015-03-29 19:06:23	createroom: create room failed
WARNING:root:2015-03-29 19:07:39	createroom: creator id error;	No row was found for one()
WARNING:root:2015-03-29 19:07:39	createroom: create room failed
WARNING:root:2015-03-29 19:09:01	createroom: creator id error;	No row was found for one()
WARNING:root:2015-03-29 19:09:01	createroom: create room failed
WARNING:root:2015-03-29 19:14:53	createroom: creator id error;	No row was found for one()
WARNING:root:2015-03-29 19:14:53	createroom: create room failed
WARNING:root:2015-03-29 19:17:09	createroom: creator id error;	No row was found for one()
WARNING:root:2015-03-29 19:17:09	createroom: create room failed
INFO:root:2015-03-29 19:17:09	roomlist: successful; page:1, num:10, types:1
WARNING:root:2015-03-29 19:17:44	createroom: creator id error;	No row was found for one()
WARNING:root:2015-03-29 19:17:44	createroom: create room failed
INFO:root:2015-03-29 19:17:44	roomlist: successful; page:1, num:10, types:1
WARNING:root:2015-03-29 19:21:15	createroom: successful; roomid:100000
WARNING:root:2015-03-29 19:21:15	roomlist: page number exceeded; page:1, num:10, types:1
WARNING:root:2015-03-29 19:22:11	createroom: successful; roomid:100000
WARNING:root:2015-03-29 19:23:26	createroom: successful; roomid:100000
INFO:root:2015-03-29 19:23:26	roomlist: successful; page:1, num:10, types:1
WARNING:root:2015-03-29 19:25:51	createroom: successful; roomid:100000
INFO:root:2015-03-29 19:25:51	roomlist: successful; page:1, num:10, types:1
WARNING:root:2015-03-29 19:26:29	createroom: successful; roomid:100000
INFO:root:2015-03-29 19:26:29	roomlist: successful; page:1, num:10, types:1
WARNING:root:2015-03-29 19:26:29	quitroom: information invalid
INFO:root:2015-03-29 19:26:29	roomlist: successful; page:1, num:10, types:1
WARNING:root:2015-03-29 19:28:38	createroom: successful; roomid:100000
INFO:root:2015-03-29 19:28:38	roomlist: successful; page:1, num:10, types:1
WARNING:root:2015-03-29 19:28:38	quitroom: information invalid
INFO:root:2015-03-29 19:28:38	roomlist: successful; page:1, num:10, types:1
WARNING:root:2015-03-29 19:29:24	createroom: successful; roomid:100000
INFO:root:2015-03-29 19:29:24	roomlist: successful; page:1, num:10, types:1
WARNING:root:2015-03-29 19:29:24	quitroom: information invalid
INFO:root:2015-03-29 19:29:24	roomlist: successful; page:1, num:10, types:1
WARNING:root:2015-03-29 19:30:50	createroom: successful; roomid:100000
INFO:root:2015-03-29 19:30:50	roomlist: successful; page:1, num:10, types:1
WARNING:root:2015-03-29 19:30:50	quitroom: information invalid
INFO:root:2015-03-29 19:30:50	roomlist: successful; page:1, num:10, types:1
WARNING:root:2015-03-29 19:31:14	createroom: successful; roomid:100000
INFO:root:2015-03-29 19:31:14	roomlist: successful; page:1, num:10, types:1
WARNING:root:2015-03-29 19:31:14	quitroom: missing parameters
INFO:root:2015-03-29 19:31:14	roomlist: successful; page:1, num:10, types:1
WARNING:root:2015-03-29 19:31:26	createroom: successful; roomid:100000
INFO:root:2015-03-29 19:31:26	roomlist: successful; page:1, num:10, types:1
WARNING:root:2015-03-29 19:31:26	quitroom: information invalid
INFO:root:2015-03-29 19:31:26	roomlist: successful; page:1, num:10, types:1
WARNING:root:2015-03-29 19:32:23	createroom: successful; roomid:100000
INFO:root:2015-03-29 19:32:23	roomlist: successful; page:1, num:10, types:1
WARNING:root:2015-03-29 19:34:28	createroom: successful; roomid:100000
INFO:root:2015-03-29 19:34:28	roomlist: successful; page:1, num:10, types:1
WARNING:root:2015-03-29 19:35:09	createroom: successful; roomid:100000
INFO:root:2015-03-29 19:35:09	roomlist: successful; page:1, num:10, types:1
WARNING:root:2015-03-29 19:35:09	quitroom: cannot find room type; roomid:100000
INFO:root:2015-03-29 19:35:09	roomlist: successful; page:1, num:10, types:1
WARNING:root:2015-03-29 19:36:15	createroom: successful; roomid:100000
INFO:root:2015-03-29 19:36:15	roomlist: successful; page:1, num:10, types:1
WARNING:root:2015-03-29 19:36:15	quitroom: cannot find room type; roomid:100000
INFO:root:2015-03-29 19:36:15	roomlist: successful; page:1, num:10, types:1
WARNING:root:2015-03-29 19:40:05	createroom: successful; roomid:100000
INFO:root:2015-03-29 19:40:05	roomlist: successful; page:1, num:10, types:1
WARNING:root:2015-03-29 19:40:05	quitroom: cannot find room type; roomid:100000
INFO:root:2015-03-29 19:40:05	roomlist: successful; page:1, num:10, types:1
WARNING:root:2015-03-29 19:40:47	createroom: successful; roomid:100000
INFO:root:2015-03-29 19:40:47	roomlist: successful; page:1, num:10, types:1
WARNING:root:2015-03-29 19:40:47	quitroom: cannot find room type; roomid:100000
INFO:root:2015-03-29 19:40:47	roomlist: successful; page:1, num:10, types:1
WARNING:root:2015-03-29 19:41:16	createroom: successful; roomid:100000
INFO:root:2015-03-29 19:41:16	roomlist: successful; page:1, num:10, types:1
WARNING:root:2015-03-29 19:41:16	quitroom: cannot find room type; roomid:100000
INFO:root:2015-03-29 19:41:16	roomlist: successful; page:1, num:10, types:1
WARNING:root:2015-03-29 19:42:22	createroom: successful; roomid:100000
INFO:root:2015-03-29 19:42:22	roomlist: successful; page:1, num:10, types:1
WARNING:root:2015-03-29 19:42:22	quitroom: cannot find room type; roomid:100000
INFO:root:2015-03-29 19:42:22	roomlist: successful; page:1, num:10, types:1
WARNING:root:2015-03-29 19:44:36	createroom: successful; roomid:100000
INFO:root:2015-03-29 19:44:36	roomlist: successful; page:1, num:10, types:1
WARNING:root:2015-03-29 19:44:36	quitroom: cannot find room type; roomid:100000
INFO:root:2015-03-29 19:44:36	roomlist: successful; page:1, num:10, types:1
WARNING:root:2015-03-29 19:45:16	createroom: successful; roomid:100000
INFO:root:2015-03-29 19:45:16	roomlist: successful; page:1, num:10, types:1
WARNING:root:2015-03-29 19:48:04	createroom: successful; roomid:100000
INFO:root:2015-03-29 19:48:04	roomlist: successful; page:1, num:10, types:1
WARNING:root:2015-03-29 19:48:49	createroom: successful; roomid:100000
INFO:root:2015-03-29 19:48:49	roomlist: successful; page:1, num:10, types:1
INFO:root:2015-03-29 19:48:49	quitroom: successful; roomid:100000, userid:1
WARNING:root:2015-03-29 19:48:49	roomlist: page number exceeded; page:1, num:10, types:1
WARNING:root:2015-03-29 19:49:43	createroom: successful; roomid:100000
WARNING:root:2015-03-29 19:49:43	createroom: successful; roomid:100001
WARNING:root:2015-03-29 19:49:43	createroom: successful; roomid:100002
INFO:root:2015-03-29 19:49:43	roomlist: successful; page:1, num:10, types:1
INFO:root:2015-03-29 19:49:43	quitroom: successful; roomid:100000, userid:1
INFO:root:2015-03-29 19:49:43	roomlist: successful; page:1, num:10, types:1
